<?xml version="1.0" encoding="UTF-8"?>
<!-- Generated by org.testng.reporters.JUnitXMLReporter -->
<testsuite hostname="LAPTOP-6R11FLAG" name="Test" tests="1" failures="0" timestamp="22 Jun 2019 14:20:26 GMT" time="0.04" errors="0">
  <testcase name="@BeforeMethod browserInitialize" time="0.0" classname="testCase.ExpediaSignup">
    <failure type="org.testng.TestNGException" message="
Parameter &amp;apos;url&amp;apos; is required by @Configuration on method browserInitialize but has not been marked @Optional or defined
in C:\Users\shahadat\workspace\ExpediaMdFramework\testng.xml">
      <![CDATA[org.testng.TestNGException: 
Parameter 'url' is required by @Configuration on method browserInitialize but has not been marked @Optional or defined
in C:\Users\shahadat\workspace\ExpediaMdFramework\testng.xml
... Removed 23 stack frames]]>
    </failure>
  </testcase> <!-- @BeforeMethod browserInitialize -->
  <testcase name="@AfterMethod afterTest" time="0.0" classname="testCase.ExpediaSignup">
    <skipped/>
  </testcase> <!-- @AfterMethod afterTest -->
  <testcase name="signup" time="0.007" classname="testCase.ExpediaSignup">
    <skipped/>
  </testcase> <!-- signup -->
</testsuite> <!-- Test -->
